Sender: LSF System <jszostek@pennsive04>
Subject: Job 18990368: <data-raw/prep_data.R> in cluster <PMACS-SCC> Exited

Job <data-raw/prep_data.R> was submitted from host <takim> by user <vgonzenb> in cluster <PMACS-SCC> at Tue Feb 14 09:45:28 2023
Job was executed on host(s) <pennsive04>, in queue <taki_normal>, as user <vgonzenb> in cluster <PMACS-SCC> at Tue Feb 14 09:45:28 2023
</home/vgonzenb> was used as the home directory.
</home/vgonzenb/bossrdata> was used as the working directory.
Started at Tue Feb 14 09:45:28 2023
Terminated at Tue Feb 14 09:45:29 2023
Results reported at Tue Feb 14 09:45:29 2023

Your job looked like:

------------------------------------------------------------
# LSBATCH: User input
data-raw/prep_data.R
------------------------------------------------------------

Exited with exit code 2.

Resource usage summary:

    CPU time :                                   0.05 sec.
    Max Memory :                                 -
    Average Memory :                             -
    Total Requested Memory :                     -
    Delta Memory :                               -
    Max Swap :                                   -
    Max Processes :                              -
    Max Threads :                                -
    Run time :                                   0 sec.
    Turnaround time :                            1 sec.

The output (if any) follows:

data-raw/prep_data.R: line 2: syntax error near unexpected token `('
data-raw/prep_data.R: line 2: `mouse.tif <- tiff::readTIFF(here::here('data-raw/mini.tif'), all=TRUE) |> lapply(function(x) x[,,2])'
Sender: LSF System <jszostek@pennsive05>
Subject: Job 18990371: <Rscript data-raw/prep_data.R> in cluster <PMACS-SCC> Done

Job <Rscript data-raw/prep_data.R> was submitted from host <takim> by user <vgonzenb> in cluster <PMACS-SCC> at Tue Feb 14 09:46:24 2023
Job was executed on host(s) <pennsive05>, in queue <taki_normal>, as user <vgonzenb> in cluster <PMACS-SCC> at Tue Feb 14 09:46:24 2023
</home/vgonzenb> was used as the home directory.
</home/vgonzenb/bossrdata> was used as the working directory.
Started at Tue Feb 14 09:46:24 2023
Terminated at Tue Feb 14 10:08:47 2023
Results reported at Tue Feb 14 10:08:47 2023

Your job looked like:

------------------------------------------------------------
# LSBATCH: User input
Rscript data-raw/prep_data.R
------------------------------------------------------------

Successfully completed.

Resource usage summary:

    CPU time :                                   1334.98 sec.
    Max Memory :                                 9361 MB
    Average Memory :                             5678.84 MB
    Total Requested Memory :                     -
    Delta Memory :                               -
    Max Swap :                                   2 MB
    Max Processes :                              3
    Max Threads :                                5
    Run time :                                   1343 sec.
    Turnaround time :                            1343 sec.

The output (if any) follows:

Warning messages:
1: In tiff::readTIFF(here::here("data-raw/mini.tif"), all = TRUE) :
  TIFFReadDirectory: Unknown field with tag 50838 (0xc696) encountered
2: In tiff::readTIFF(here::here("data-raw/mini.tif"), all = TRUE) :
  TIFFReadDirectory: Unknown field with tag 50839 (0xc697) encountered
List size: 1201333680 

List size: 1200960416
   user  system elapsed 
  0.262   0.288   0.552 
Array size: 1200960224
✔ Setting active project to '/home/vgonzenb/bossrdata'
✔ Saving 'oligo' to 'data/oligo.rda'
• Document your data (see 'https://r-pkgs.org/data.html')
